<?xml version="1.0" encoding="UTF-8"?>
<!-- Generated by org.testng.reporters.JUnitReportReporter -->
<testsuite skipped="0" hostname="LAPTOP-F7OMCQ2C" name="com.qa.test.LoginTest" tests="6" failures="0" timestamp="2019-11-26T14:18:14 IST" time="42.164" errors="0">
  <testcase name="CheckValidLogin" time="6.492" classname="com.qa.test.LoginTest"/>
  <testcase name="CheckTitle" time="6.211" classname="com.qa.test.LoginTest"/>
  <testcase name="validatechecklogoimg" time="6.631" classname="com.qa.test.LoginTest"/>
  <testcase name="Checkinvalidlogin" time="7.886" classname="com.qa.test.LoginTest"/>
  <testcase name="Checkpwderrormsg" time="7.650" classname="com.qa.test.LoginTest"/>
  <testcase name="Checkstayloginbtn" time="7.294" classname="com.qa.test.LoginTest"/>
</testsuite> <!-- com.qa.test.LoginTest -->
