<?xml version="1.0" encoding="UTF-8"?>
<!-- Generated by org.testng.reporters.JUnitReportReporter -->
<testsuite skipped="0" hostname="LAPTOP-F7OMCQ2C" name="com.qa.test.OrderTest" tests="9" failures="0" timestamp="2019-11-26T14:18:14 IST" time="128.610" errors="0">
  <testcase name="validateclickonorder" time="17.321" classname="com.qa.test.OrderTest"/>
  <testcase name="validateclickoninvoices" time="14.143" classname="com.qa.test.OrderTest"/>
  <testcase name="validateclickonmerchandisereturns" time="12.247" classname="com.qa.test.OrderTest"/>
  <testcase name="validateclickondeliveryslips" time="12.974" classname="com.qa.test.OrderTest"/>
  <testcase name="validateclickoncreditslips" time="11.852" classname="com.qa.test.OrderTest"/>
  <testcase name="validateclickonstatuses" time="16.368" classname="com.qa.test.OrderTest"/>
  <testcase name="validateclickonordermsgs" time="12.482" classname="com.qa.test.OrderTest"/>
  <testcase name="validatecreatenewcustomer" time="17.044" classname="com.qa.test.OrderTest"/>
  <testcase name="validatecreatenewcustomer" time="14.179" classname="com.qa.test.OrderTest"/>
</testsuite> <!-- com.qa.test.OrderTest -->
