<?xml version="1.0" encoding="UTF-8"?>
<!-- Generated by org.testng.reporters.JUnitReportReporter -->
<testsuite skipped="0" hostname="LAPTOP-F7OMCQ2C" name="com.qa.test.LoginTest" tests="6" failures="0" timestamp="2019-11-26T17:16:00 IST" time="30.793" errors="0">
  <testcase name="CheckValidLogin" time="5.501" classname="com.qa.test.LoginTest"/>
  <testcase name="CheckTitle" time="5.236" classname="com.qa.test.LoginTest"/>
  <testcase name="validatechecklogoimg" time="4.547" classname="com.qa.test.LoginTest"/>
  <testcase name="Checkinvalidlogin" time="5.156" classname="com.qa.test.LoginTest"/>
  <testcase name="Checkpwderrormsg" time="5.016" classname="com.qa.test.LoginTest"/>
  <testcase name="Checkstayloginbtn" time="5.337" classname="com.qa.test.LoginTest"/>
</testsuite> <!-- com.qa.test.LoginTest -->
